# JRE version: OpenJDK Runtime Environment (21.0.6) (build 21.0.6+-13368085-b895.109)
# Java VM: OpenJDK 64-Bit Server VM (21.0.6+-13368085-b895.109, mixed mode, tiered, compressed oops, compressed class ptrs, g1 gc, windows-amd64)
GC Precious Log:
 CardTable entry size: 512
 Card Set container configuration: InlinePtr #cards 5 size 8 Array Of Cards #cards 12 size 40 Howl #buckets 4 coarsen threshold 1843 Howl Bitmap #cards 512 size 80 coarsen threshold 460 Card regions per heap region 1 cards per card region 2048
 CPUs: 12 total, 12 available
 Memory: 3424M
 Large Page Support: Disabled
 NUMA Support: Disabled
 Compressed Oops: Enabled (32-bit)
 Heap Region Size: 1M
 Heap Min Capacity: 8M
 Heap Initial Capacity: 54M
 Heap Max Capacity: 2G
 Pre-touch: Disabled
 Parallel Workers: 10
 Concurrent Workers: 3
 Concurrent Refinement Workers: 10
 Periodic GC: Disabled
Heap:
 garbage-first heap   total 249856K, used 208280K [0x0000000080000000, 0x0000000100000000)
  region size 1024K, 71 young (72704K), 11 survivors (11264K)
 Metaspace       used 124932K, committed 127168K, reserved 1179648K
  class space    used 16961K, committed 18112K, reserved 1048576K
GC Heap History (20 events):
Event: 35.535 GC heap before
{Heap before GC invocations=56 (full 0):
 garbage-first heap   total 163840K, used 152614K [0x0000000080000000, 0x0000000100000000)
  region size 1024K, 53 young (54272K), 2 survivors (2048K)
 Metaspace       used 112208K, committed 114496K, reserved 1179648K
  class space    used 15021K, committed 16192K, reserved 1048576K
}
Event: 35.538 GC heap after
{Heap after GC invocations=57 (full 0):
 garbage-first heap   total 196608K, used 99756K [0x0000000080000000, 0x0000000100000000)
  region size 1024K, 1 young (1024K), 1 survivors (1024K)
 Metaspace       used 112208K, committed 114496K, reserved 1179648K
  class space    used 15021K, committed 16192K, reserved 1048576K
}
Event: 35.865 GC heap before
{Heap before GC invocations=58 (full 0):
 garbage-first heap   total 196608K, used 182700K [0x0000000080000000, 0x0000000100000000)
  region size 1024K, 83 young (84992K), 1 survivors (1024K)
 Metaspace       used 112979K, committed 115264K, reserved 1179648K
  class space    used 15118K, committed 16256K, reserved 1048576K
}
Event: 35.868 GC heap after
{Heap after GC invocations=59 (full 0):
 garbage-first heap   total 196608K, used 101033K [0x0000000080000000, 0x0000000100000000)
  region size 1024K, 2 young (2048K), 2 survivors (2048K)
 Metaspace       used 112979K, committed 115264K, reserved 1179648K
  class space    used 15118K, committed 16256K, reserved 1048576K
}
Event: 36.056 GC heap before
{Heap before GC invocations=59 (full 0):
 garbage-first heap   total 196608K, used 181929K [0x0000000080000000, 0x0000000100000000)
  region size 1024K, 82 young (83968K), 2 survivors (2048K)
 Metaspace       used 113307K, committed 115520K, reserved 1179648K
  class space    used 15156K, committed 16256K, reserved 1048576K
}
Event: 36.062 GC heap after
{Heap after GC invocations=60 (full 0):
 garbage-first heap   total 196608K, used 101843K [0x0000000080000000, 0x0000000100000000)
  region size 1024K, 4 young (4096K), 4 survivors (4096K)
 Metaspace       used 113307K, committed 115520K, reserved 1179648K
  class space    used 15156K, committed 16256K, reserved 1048576K
}
Event: 36.328 GC heap before
{Heap before GC invocations=60 (full 0):
 garbage-first heap   total 196608K, used 178643K [0x0000000080000000, 0x0000000100000000)
  region size 1024K, 80 young (81920K), 4 survivors (4096K)
 Metaspace       used 113429K, committed 115712K, reserved 1179648K
  class space    used 15160K, committed 16320K, reserved 1048576K
}
Event: 36.334 GC heap after
{Heap after GC invocations=61 (full 0):
 garbage-first heap   total 196608K, used 103801K [0x0000000080000000, 0x0000000100000000)
  region size 1024K, 6 young (6144K), 6 survivors (6144K)
 Metaspace       used 113429K, committed 115712K, reserved 1179648K
  class space    used 15160K, committed 16320K, reserved 1048576K
}
Event: 36.953 GC heap before
{Heap before GC invocations=62 (full 0):
 garbage-first heap   total 196608K, used 176505K [0x0000000080000000, 0x0000000100000000)
  region size 1024K, 78 young (79872K), 6 survivors (6144K)
 Metaspace       used 114114K, committed 116352K, reserved 1179648K
  class space    used 15244K, committed 16384K, reserved 1048576K
}
Event: 36.963 GC heap after
{Heap after GC invocations=63 (full 0):
 garbage-first heap   total 196608K, used 108712K [0x0000000080000000, 0x0000000100000000)
  region size 1024K, 10 young (10240K), 10 survivors (10240K)
 Metaspace       used 114114K, committed 116352K, reserved 1179648K
  class space    used 15244K, committed 16384K, reserved 1048576K
}
Event: 37.268 GC heap before
{Heap before GC invocations=63 (full 0):
 garbage-first heap   total 196608K, used 173224K [0x0000000080000000, 0x0000000100000000)
  region size 1024K, 74 young (75776K), 10 survivors (10240K)
 Metaspace       used 115511K, committed 117760K, reserved 1179648K
  class space    used 15450K, committed 16576K, reserved 1048576K
}
Event: 37.284 GC heap after
{Heap after GC invocations=64 (full 0):
 garbage-first heap   total 197632K, used 116991K [0x0000000080000000, 0x0000000100000000)
  region size 1024K, 10 young (10240K), 10 survivors (10240K)
 Metaspace       used 115511K, committed 117760K, reserved 1179648K
  class space    used 15450K, committed 16576K, reserved 1048576K
}
Event: 37.333 GC heap before
{Heap before GC invocations=64 (full 0):
 garbage-first heap   total 197632K, used 134399K [0x0000000080000000, 0x0000000100000000)
  region size 1024K, 28 young (28672K), 10 survivors (10240K)
 Metaspace       used 115742K, committed 117952K, reserved 1179648K
  class space    used 15471K, committed 16576K, reserved 1048576K
}
Event: 37.339 GC heap after
{Heap after GC invocations=65 (full 0):
 garbage-first heap   total 197632K, used 119158K [0x0000000080000000, 0x0000000100000000)
  region size 1024K, 2 young (2048K), 2 survivors (2048K)
 Metaspace       used 115742K, committed 117952K, reserved 1179648K
  class space    used 15471K, committed 16576K, reserved 1048576K
}
Event: 38.003 GC heap before
{Heap before GC invocations=66 (full 0):
 garbage-first heap   total 203776K, used 176502K [0x0000000080000000, 0x0000000100000000)
  region size 1024K, 57 young (58368K), 2 survivors (2048K)
 Metaspace       used 119429K, committed 121664K, reserved 1179648K
  class space    used 16042K, committed 17152K, reserved 1048576K
}
Event: 38.012 GC heap after
{Heap after GC invocations=67 (full 0):
 garbage-first heap   total 203776K, used 126746K [0x0000000080000000, 0x0000000100000000)
  region size 1024K, 8 young (8192K), 8 survivors (8192K)
 Metaspace       used 119429K, committed 121664K, reserved 1179648K
  class space    used 16042K, committed 17152K, reserved 1048576K
}
Event: 38.250 GC heap before
{Heap before GC invocations=67 (full 0):
 garbage-first heap   total 203776K, used 182042K [0x0000000080000000, 0x0000000100000000)
  region size 1024K, 62 young (63488K), 8 survivors (8192K)
 Metaspace       used 120513K, committed 122688K, reserved 1179648K
  class space    used 16241K, committed 17344K, reserved 1048576K
}
Event: 38.270 GC heap after
{Heap after GC invocations=68 (full 0):
 garbage-first heap   total 245760K, used 137109K [0x0000000080000000, 0x0000000100000000)
  region size 1024K, 8 young (8192K), 8 survivors (8192K)
 Metaspace       used 120513K, committed 122688K, reserved 1179648K
  class space    used 16241K, committed 17344K, reserved 1048576K
}
Event: 38.741 GC heap before
{Heap before GC invocations=68 (full 0):
 garbage-first heap   total 245760K, used 211861K [0x0000000080000000, 0x0000000100000000)
  region size 1024K, 82 young (83968K), 8 survivors (8192K)
 Metaspace       used 123206K, committed 125440K, reserved 1179648K
  class space    used 16707K, committed 17856K, reserved 1048576K
}
Event: 38.759 GC heap after
{Heap after GC invocations=69 (full 0):
 garbage-first heap   total 245760K, used 149912K [0x0000000080000000, 0x0000000100000000)
  region size 1024K, 11 young (11264K), 11 survivors (11264K)
 Metaspace       used 123206K, committed 125440K, reserved 1179648K
  class space    used 16707K, committed 17856K, reserved 1048576K
}

