# JRE version: OpenJDK Runtime Environment (21.0.6) (build 21.0.6+-13368085-b895.109)
# Java VM: OpenJDK 64-Bit Server VM (21.0.6+-13368085-b895.109, mixed mode, tiered, compressed oops, compressed class ptrs, g1 gc, windows-amd64)
GC Precious Log:
 CardTable entry size: 512
 Card Set container configuration: InlinePtr #cards 5 size 8 Array Of Cards #cards 12 size 40 Howl #buckets 4 coarsen threshold 1843 Howl Bitmap #cards 512 size 80 coarsen threshold 460 Card regions per heap region 1 cards per card region 2048
 CPUs: 12 total, 12 available
 Memory: 3424M
 Large Page Support: Disabled
 NUMA Support: Disabled
 Compressed Oops: Enabled (32-bit)
 Heap Region Size: 1M
 Heap Min Capacity: 8M
 Heap Initial Capacity: 54M
 Heap Max Capacity: 2G
 Pre-touch: Disabled
 Parallel Workers: 10
 Concurrent Workers: 3
 Concurrent Refinement Workers: 10
 Periodic GC: Disabled
Heap:
 garbage-first heap   total 267264K, used 207021K [0x0000000080000000, 0x0000000100000000)
  region size 1024K, 31 young (31744K), 3 survivors (3072K)
 Metaspace       used 129422K, committed 131712K, reserved 1179648K
  class space    used 18314K, committed 19456K, reserved 1048576K
GC Heap History (20 events):
Event: 16.417 GC heap before
{Heap before GC invocations=48 (full 0):
 garbage-first heap   total 189440K, used 166597K [0x0000000080000000, 0x0000000100000000)
  region size 1024K, 76 young (77824K), 7 survivors (7168K)
 Metaspace       used 110354K, committed 112576K, reserved 1179648K
  class space    used 14931K, committed 16064K, reserved 1048576K
}
Event: 16.428 GC heap after
{Heap after GC invocations=49 (full 0):
 garbage-first heap   total 189440K, used 104094K [0x0000000080000000, 0x0000000100000000)
  region size 1024K, 10 young (10240K), 10 survivors (10240K)
 Metaspace       used 110354K, committed 112576K, reserved 1179648K
  class space    used 14931K, committed 16064K, reserved 1048576K
}
Event: 16.825 GC heap before
{Heap before GC invocations=50 (full 0):
 garbage-first heap   total 189440K, used 165534K [0x0000000080000000, 0x0000000100000000)
  region size 1024K, 71 young (72704K), 10 survivors (10240K)
 Metaspace       used 111642K, committed 113856K, reserved 1179648K
  class space    used 15124K, committed 16256K, reserved 1048576K
}
Event: 16.841 GC heap after
{Heap after GC invocations=51 (full 0):
 garbage-first heap   total 189440K, used 114746K [0x0000000080000000, 0x0000000100000000)
  region size 1024K, 9 young (9216K), 9 survivors (9216K)
 Metaspace       used 111642K, committed 113856K, reserved 1179648K
  class space    used 15124K, committed 16256K, reserved 1048576K
}
Event: 17.191 GC heap before
{Heap before GC invocations=51 (full 0):
 garbage-first heap   total 189440K, used 167994K [0x0000000080000000, 0x0000000100000000)
  region size 1024K, 62 young (63488K), 9 survivors (9216K)
 Metaspace       used 114250K, committed 116480K, reserved 1179648K
  class space    used 15553K, committed 16640K, reserved 1048576K
}
Event: 17.204 GC heap after
{Heap after GC invocations=52 (full 0):
 garbage-first heap   total 189440K, used 117967K [0x0000000080000000, 0x0000000100000000)
  region size 1024K, 4 young (4096K), 4 survivors (4096K)
 Metaspace       used 114250K, committed 116480K, reserved 1179648K
  class space    used 15553K, committed 16640K, reserved 1048576K
}
Event: 17.233 GC heap before
{Heap before GC invocations=52 (full 0):
 garbage-first heap   total 189440K, used 127183K [0x0000000080000000, 0x0000000100000000)
  region size 1024K, 14 young (14336K), 4 survivors (4096K)
 Metaspace       used 114601K, committed 116800K, reserved 1179648K
  class space    used 15612K, committed 16704K, reserved 1048576K
}
Event: 17.238 GC heap after
{Heap after GC invocations=53 (full 0):
 garbage-first heap   total 189440K, used 117616K [0x0000000080000000, 0x0000000100000000)
  region size 1024K, 4 young (4096K), 4 survivors (4096K)
 Metaspace       used 114601K, committed 116800K, reserved 1179648K
  class space    used 15612K, committed 16704K, reserved 1048576K
}
Event: 17.966 GC heap before
{Heap before GC invocations=54 (full 0):
 garbage-first heap   total 201728K, used 173936K [0x0000000080000000, 0x0000000100000000)
  region size 1024K, 58 young (59392K), 4 survivors (4096K)
 Metaspace       used 116307K, committed 118528K, reserved 1179648K
  class space    used 15832K, committed 16960K, reserved 1048576K
}
Event: 17.986 GC heap after
{Heap after GC invocations=55 (full 0):
 garbage-first heap   total 201728K, used 127816K [0x0000000080000000, 0x0000000100000000)
  region size 1024K, 8 young (8192K), 8 survivors (8192K)
 Metaspace       used 116307K, committed 118528K, reserved 1179648K
  class space    used 15832K, committed 16960K, reserved 1048576K
}
Event: 21.353 GC heap before
{Heap before GC invocations=55 (full 0):
 garbage-first heap   total 201728K, used 182088K [0x0000000080000000, 0x0000000100000000)
  region size 1024K, 61 young (62464K), 8 survivors (8192K)
 Metaspace       used 119070K, committed 121280K, reserved 1179648K
  class space    used 16361K, committed 17472K, reserved 1048576K
}
Event: 21.375 GC heap after
{Heap after GC invocations=56 (full 0):
 garbage-first heap   total 267264K, used 135593K [0x0000000080000000, 0x0000000100000000)
  region size 1024K, 8 young (8192K), 8 survivors (8192K)
 Metaspace       used 119070K, committed 121280K, reserved 1179648K
  class space    used 16361K, committed 17472K, reserved 1048576K
}
Event: 23.891 GC heap before
{Heap before GC invocations=56 (full 0):
 garbage-first heap   total 267264K, used 234921K [0x0000000080000000, 0x0000000100000000)
  region size 1024K, 106 young (108544K), 8 survivors (8192K)
 Metaspace       used 120239K, committed 122432K, reserved 1179648K
  class space    used 16498K, committed 17600K, reserved 1048576K
}
Event: 23.917 GC heap after
{Heap after GC invocations=57 (full 0):
 garbage-first heap   total 267264K, used 152576K [0x0000000080000000, 0x0000000100000000)
  region size 1024K, 14 young (14336K), 14 survivors (14336K)
 Metaspace       used 120239K, committed 122432K, reserved 1179648K
  class space    used 16498K, committed 17600K, reserved 1048576K
}
Event: 25.476 GC heap before
{Heap before GC invocations=58 (full 0):
 garbage-first heap   total 267264K, used 231424K [0x0000000080000000, 0x0000000100000000)
  region size 1024K, 92 young (94208K), 14 survivors (14336K)
 Metaspace       used 124088K, committed 126400K, reserved 1179648K
  class space    used 17340K, committed 18496K, reserved 1048576K
}
Event: 25.497 GC heap after
{Heap after GC invocations=59 (full 0):
 garbage-first heap   total 267264K, used 166457K [0x0000000080000000, 0x0000000100000000)
  region size 1024K, 12 young (12288K), 12 survivors (12288K)
 Metaspace       used 124088K, committed 126400K, reserved 1179648K
  class space    used 17340K, committed 18496K, reserved 1048576K
}
Event: 25.704 GC heap before
{Heap before GC invocations=59 (full 0):
 garbage-first heap   total 267264K, used 237113K [0x0000000080000000, 0x0000000100000000)
  region size 1024K, 82 young (83968K), 12 survivors (12288K)
 Metaspace       used 125630K, committed 127872K, reserved 1179648K
  class space    used 17619K, committed 18752K, reserved 1048576K
}
Event: 25.728 GC heap after
{Heap after GC invocations=60 (full 0):
 garbage-first heap   total 267264K, used 175368K [0x0000000080000000, 0x0000000100000000)
  region size 1024K, 11 young (11264K), 11 survivors (11264K)
 Metaspace       used 125630K, committed 127872K, reserved 1179648K
  class space    used 17619K, committed 18752K, reserved 1048576K
}
Event: 26.115 GC heap before
{Heap before GC invocations=60 (full 0):
 garbage-first heap   total 267264K, used 238856K [0x0000000080000000, 0x0000000100000000)
  region size 1024K, 74 young (75776K), 11 survivors (11264K)
 Metaspace       used 129130K, committed 131392K, reserved 1179648K
  class space    used 18309K, committed 19456K, reserved 1048576K
}
Event: 26.127 GC heap after
{Heap after GC invocations=61 (full 0):
 garbage-first heap   total 267264K, used 179373K [0x0000000080000000, 0x0000000100000000)
  region size 1024K, 3 young (3072K), 3 survivors (3072K)
 Metaspace       used 129130K, committed 131392K, reserved 1179648K
  class space    used 18309K, committed 19456K, reserved 1048576K
}

