# JRE version: OpenJDK Runtime Environment (21.0.6) (build 21.0.6+-13368085-b895.109)
# Java VM: OpenJDK 64-Bit Server VM (21.0.6+-13368085-b895.109, mixed mode, tiered, compressed oops, compressed class ptrs, g1 gc, windows-amd64)
GC Precious Log:
 CardTable entry size: 512
 Card Set container configuration: InlinePtr #cards 5 size 8 Array Of Cards #cards 12 size 40 Howl #buckets 4 coarsen threshold 1843 Howl Bitmap #cards 512 size 80 coarsen threshold 460 Card regions per heap region 1 cards per card region 2048
 CPUs: 12 total, 12 available
 Memory: 3424M
 Large Page Support: Disabled
 NUMA Support: Disabled
 Compressed Oops: Enabled (32-bit)
 Heap Region Size: 1M
 Heap Min Capacity: 8M
 Heap Initial Capacity: 54M
 Heap Max Capacity: 2G
 Pre-touch: Disabled
 Parallel Workers: 10
 Concurrent Workers: 3
 Concurrent Refinement Workers: 10
 Periodic GC: Disabled
Heap:
 garbage-first heap   total 297984K, used 181572K [0x0000000080000000, 0x0000000100000000)
  region size 1024K, 2 young (2048K), 2 survivors (2048K)
 Metaspace       used 129589K, committed 131904K, reserved 1179648K
  class space    used 18247K, committed 19392K, reserved 1048576K
GC Heap History (20 events):
Event: 26.980 GC heap after
{Heap after GC invocations=59 (full 0):
 garbage-first heap   total 187392K, used 113325K [0x0000000080000000, 0x0000000100000000)
  region size 1024K, 9 young (9216K), 9 survivors (9216K)
 Metaspace       used 112013K, committed 114176K, reserved 1179648K
  class space    used 15168K, committed 16256K, reserved 1048576K
}
Event: 27.419 GC heap before
{Heap before GC invocations=59 (full 0):
 garbage-first heap   total 187392K, used 164525K [0x0000000080000000, 0x0000000100000000)
  region size 1024K, 60 young (61440K), 9 survivors (9216K)
 Metaspace       used 115225K, committed 117440K, reserved 1179648K
  class space    used 15673K, committed 16768K, reserved 1048576K
}
Event: 27.432 GC heap after
{Heap after GC invocations=60 (full 0):
 garbage-first heap   total 187392K, used 119743K [0x0000000080000000, 0x0000000100000000)
  region size 1024K, 7 young (7168K), 7 survivors (7168K)
 Metaspace       used 115225K, committed 117440K, reserved 1179648K
  class space    used 15673K, committed 16768K, reserved 1048576K
}
Event: 27.593 GC heap before
{Heap before GC invocations=60 (full 0):
 garbage-first heap   total 187392K, used 167871K [0x0000000080000000, 0x0000000100000000)
  region size 1024K, 55 young (56320K), 7 survivors (7168K)
 Metaspace       used 116544K, committed 118720K, reserved 1179648K
  class space    used 15876K, committed 16960K, reserved 1048576K
}
Event: 27.607 GC heap after
{Heap after GC invocations=61 (full 0):
 garbage-first heap   total 187392K, used 129547K [0x0000000080000000, 0x0000000100000000)
  region size 1024K, 7 young (7168K), 7 survivors (7168K)
 Metaspace       used 116544K, committed 118720K, reserved 1179648K
  class space    used 15876K, committed 16960K, reserved 1048576K
}
Event: 27.733 GC heap before
{Heap before GC invocations=61 (full 0):
 garbage-first heap   total 217088K, used 167435K [0x0000000080000000, 0x0000000100000000)
  region size 1024K, 44 young (45056K), 7 survivors (7168K)
 Metaspace       used 117290K, committed 119552K, reserved 1179648K
  class space    used 16024K, committed 17152K, reserved 1048576K
}
Event: 27.744 GC heap after
{Heap after GC invocations=62 (full 0):
 garbage-first heap   total 217088K, used 135038K [0x0000000080000000, 0x0000000100000000)
  region size 1024K, 5 young (5120K), 5 survivors (5120K)
 Metaspace       used 117290K, committed 119552K, reserved 1179648K
  class space    used 16024K, committed 17152K, reserved 1048576K
}
Event: 27.972 GC heap before
{Heap before GC invocations=63 (full 0):
 garbage-first heap   total 217088K, used 193406K [0x0000000080000000, 0x0000000100000000)
  region size 1024K, 60 young (61440K), 5 survivors (5120K)
 Metaspace       used 119080K, committed 121280K, reserved 1179648K
  class space    used 16299K, committed 17408K, reserved 1048576K
}
Event: 27.985 GC heap after
{Heap after GC invocations=64 (full 0):
 garbage-first heap   total 217088K, used 142035K [0x0000000080000000, 0x0000000100000000)
  region size 1024K, 8 young (8192K), 8 survivors (8192K)
 Metaspace       used 119080K, committed 121280K, reserved 1179648K
  class space    used 16299K, committed 17408K, reserved 1048576K
}
Event: 28.151 GC heap before
{Heap before GC invocations=64 (full 0):
 garbage-first heap   total 217088K, used 195283K [0x0000000080000000, 0x0000000100000000)
  region size 1024K, 61 young (62464K), 8 survivors (8192K)
 Metaspace       used 119928K, committed 122176K, reserved 1179648K
  class space    used 16419K, committed 17536K, reserved 1048576K
}
Event: 28.170 GC heap after
{Heap after GC invocations=65 (full 0):
 garbage-first heap   total 297984K, used 149661K [0x0000000080000000, 0x0000000100000000)
  region size 1024K, 8 young (8192K), 8 survivors (8192K)
 Metaspace       used 119928K, committed 122176K, reserved 1179648K
  class space    used 16419K, committed 17536K, reserved 1048576K
}
Event: 28.532 GC heap before
{Heap before GC invocations=65 (full 0):
 garbage-first heap   total 297984K, used 254109K [0x0000000080000000, 0x0000000100000000)
  region size 1024K, 111 young (113664K), 8 survivors (8192K)
 Metaspace       used 123638K, committed 125888K, reserved 1179648K
  class space    used 17194K, committed 18304K, reserved 1048576K
}
Event: 28.555 GC heap after
{Heap after GC invocations=66 (full 0):
 garbage-first heap   total 297984K, used 165769K [0x0000000080000000, 0x0000000100000000)
  region size 1024K, 14 young (14336K), 14 survivors (14336K)
 Metaspace       used 123638K, committed 125888K, reserved 1179648K
  class space    used 17194K, committed 18304K, reserved 1048576K
}
Event: 28.890 GC heap before
{Heap before GC invocations=67 (full 0):
 garbage-first heap   total 297984K, used 256905K [0x0000000080000000, 0x0000000100000000)
  region size 1024K, 103 young (105472K), 14 survivors (14336K)
 Metaspace       used 124633K, committed 126912K, reserved 1179648K
  class space    used 17370K, committed 18496K, reserved 1048576K
}
Event: 28.913 GC heap after
{Heap after GC invocations=68 (full 0):
 garbage-first heap   total 297984K, used 180224K [0x0000000080000000, 0x0000000100000000)
  region size 1024K, 13 young (13312K), 13 survivors (13312K)
 Metaspace       used 124633K, committed 126912K, reserved 1179648K
  class space    used 17370K, committed 18496K, reserved 1048576K
}
Event: 29.439 GC heap before
{Heap before GC invocations=68 (full 0):
 garbage-first heap   total 297984K, used 262144K [0x0000000080000000, 0x0000000100000000)
  region size 1024K, 94 young (96256K), 13 survivors (13312K)
 Metaspace       used 128855K, committed 131136K, reserved 1179648K
  class space    used 18188K, committed 19328K, reserved 1048576K
}
Event: 29.455 GC heap after
{Heap after GC invocations=69 (full 0):
 garbage-first heap   total 297984K, used 181248K [0x0000000080000000, 0x0000000100000000)
  region size 1024K, 4 young (4096K), 4 survivors (4096K)
 Metaspace       used 128855K, committed 131136K, reserved 1179648K
  class space    used 18188K, committed 19328K, reserved 1048576K
}
Event: 33.685 GC heap before
{Heap before GC invocations=69 (full 0):
 garbage-first heap   total 297984K, used 267264K [0x0000000080000000, 0x0000000100000000)
  region size 1024K, 88 young (90112K), 4 survivors (4096K)
 Metaspace       used 129588K, committed 131904K, reserved 1179648K
  class space    used 18247K, committed 19392K, reserved 1048576K
}
Event: 43.750 GC heap after
{Heap after GC invocations=70 (full 0):
 garbage-first heap   total 297984K, used 181248K [0x0000000080000000, 0x0000000100000000)
  region size 1024K, 4 young (4096K), 4 survivors (4096K)
 Metaspace       used 129588K, committed 131904K, reserved 1179648K
  class space    used 18247K, committed 19392K, reserved 1048576K
}
Event: 49.807 GC heap before
{Heap before GC invocations=70 (full 0):
 garbage-first heap   total 297984K, used 191488K [0x0000000080000000, 0x0000000100000000)
  region size 1024K, 14 young (14336K), 4 survivors (4096K)
 Metaspace       used 129589K, committed 131904K, reserved 1179648K
  class space    used 18247K, committed 19392K, reserved 1048576K
}

