# JRE version: OpenJDK Runtime Environment (21.0.6) (build 21.0.6+-13368085-b895.109)
# Java VM: OpenJDK 64-Bit Server VM (21.0.6+-13368085-b895.109, mixed mode, tiered, compressed oops, compressed class ptrs, g1 gc, windows-amd64)
GC Precious Log:
 CardTable entry size: 512
 Card Set container configuration: InlinePtr #cards 5 size 8 Array Of Cards #cards 12 size 40 Howl #buckets 4 coarsen threshold 1843 Howl Bitmap #cards 512 size 80 coarsen threshold 460 Card regions per heap region 1 cards per card region 2048
 CPUs: 12 total, 12 available
 Memory: 3424M
 Large Page Support: Disabled
 NUMA Support: Disabled
 Compressed Oops: Enabled (32-bit)
 Heap Region Size: 1M
 Heap Min Capacity: 8M
 Heap Initial Capacity: 54M
 Heap Max Capacity: 2G
 Pre-touch: Disabled
 Parallel Workers: 10
 Concurrent Workers: 3
 Concurrent Refinement Workers: 10
 Periodic GC: Disabled
Heap:
 garbage-first heap   total 283648K, used 212599K [0x0000000080000000, 0x0000000100000000)
  region size 1024K, 55 young (56320K), 2 survivors (2048K)
 Metaspace       used 131409K, committed 133824K, reserved 1179648K
  class space    used 16893K, committed 18112K, reserved 1048576K
GC Heap History (20 events):
Event: 25.775 GC heap before
{Heap before GC invocations=45 (full 0):
 garbage-first heap   total 225280K, used 204917K [0x0000000080000000, 0x0000000100000000)
  region size 1024K, 63 young (64512K), 5 survivors (5120K)
 Metaspace       used 106671K, committed 108928K, reserved 1179648K
  class space    used 14261K, committed 15360K, reserved 1048576K
}
Event: 25.782 GC heap after
{Heap after GC invocations=46 (full 0):
 garbage-first heap   total 225280K, used 149245K [0x0000000080000000, 0x0000000100000000)
  region size 1024K, 6 young (6144K), 6 survivors (6144K)
 Metaspace       used 106671K, committed 108928K, reserved 1179648K
  class space    used 14261K, committed 15360K, reserved 1048576K
}
Event: 26.881 GC heap before
{Heap before GC invocations=47 (full 0):
 garbage-first heap   total 250880K, used 205565K [0x0000000080000000, 0x0000000100000000)
  region size 1024K, 60 young (61440K), 6 survivors (6144K)
 Metaspace       used 111243K, committed 113472K, reserved 1179648K
  class space    used 14718K, committed 15872K, reserved 1048576K
}
Event: 26.888 GC heap after
{Heap after GC invocations=48 (full 0):
 garbage-first heap   total 250880K, used 152463K [0x0000000080000000, 0x0000000100000000)
  region size 1024K, 6 young (6144K), 6 survivors (6144K)
 Metaspace       used 111243K, committed 113472K, reserved 1179648K
  class space    used 14718K, committed 15872K, reserved 1048576K
}
Event: 28.444 GC heap before
{Heap before GC invocations=48 (full 0):
 garbage-first heap   total 250880K, used 221071K [0x0000000080000000, 0x0000000100000000)
  region size 1024K, 73 young (74752K), 6 survivors (6144K)
 Metaspace       used 118187K, committed 120448K, reserved 1179648K
  class space    used 15731K, committed 16896K, reserved 1048576K
}
Event: 28.456 GC heap after
{Heap after GC invocations=49 (full 0):
 garbage-first heap   total 250880K, used 153903K [0x0000000080000000, 0x0000000100000000)
  region size 1024K, 8 young (8192K), 8 survivors (8192K)
 Metaspace       used 118187K, committed 120448K, reserved 1179648K
  class space    used 15731K, committed 16896K, reserved 1048576K
}
Event: 29.921 GC heap before
{Heap before GC invocations=49 (full 0):
 garbage-first heap   total 250880K, used 227631K [0x0000000080000000, 0x0000000100000000)
  region size 1024K, 81 young (82944K), 8 survivors (8192K)
 Metaspace       used 121643K, committed 124032K, reserved 1179648K
  class space    used 16093K, committed 17280K, reserved 1048576K
}
Event: 29.936 GC heap after
{Heap after GC invocations=50 (full 0):
 garbage-first heap   total 250880K, used 159722K [0x0000000080000000, 0x0000000100000000)
  region size 1024K, 10 young (10240K), 10 survivors (10240K)
 Metaspace       used 121643K, committed 124032K, reserved 1179648K
  class space    used 16093K, committed 17280K, reserved 1048576K
}
Event: 31.130 GC heap before
{Heap before GC invocations=51 (full 0):
 garbage-first heap   total 266240K, used 226282K [0x0000000080000000, 0x0000000100000000)
  region size 1024K, 76 young (77824K), 10 survivors (10240K)
 Metaspace       used 126045K, committed 128384K, reserved 1179648K
  class space    used 16552K, committed 17728K, reserved 1048576K
}
Event: 31.172 GC heap after
{Heap after GC invocations=52 (full 0):
 garbage-first heap   total 266240K, used 162987K [0x0000000080000000, 0x0000000100000000)
  region size 1024K, 5 young (5120K), 5 survivors (5120K)
 Metaspace       used 126045K, committed 128384K, reserved 1179648K
  class space    used 16552K, committed 17728K, reserved 1048576K
}
Event: 387.880 GC heap before
{Heap before GC invocations=52 (full 0):
 garbage-first heap   total 266240K, used 245931K [0x0000000080000000, 0x0000000100000000)
  region size 1024K, 87 young (89088K), 5 survivors (5120K)
 Metaspace       used 129718K, committed 132096K, reserved 1179648K
  class space    used 16855K, committed 18048K, reserved 1048576K
}
Event: 388.066 GC heap after
{Heap after GC invocations=53 (full 0):
 garbage-first heap   total 266240K, used 166796K [0x0000000080000000, 0x0000000100000000)
  region size 1024K, 8 young (8192K), 8 survivors (8192K)
 Metaspace       used 129718K, committed 132096K, reserved 1179648K
  class space    used 16855K, committed 18048K, reserved 1048576K
}
Event: 562.898 GC heap before
{Heap before GC invocations=53 (full 0):
 garbage-first heap   total 266240K, used 242572K [0x0000000080000000, 0x0000000100000000)
  region size 1024K, 83 young (84992K), 8 survivors (8192K)
 Metaspace       used 130176K, committed 132544K, reserved 1179648K
  class space    used 16862K, committed 18048K, reserved 1048576K
}
Event: 563.084 GC heap after
{Heap after GC invocations=54 (full 0):
 garbage-first heap   total 266240K, used 163444K [0x0000000080000000, 0x0000000100000000)
  region size 1024K, 2 young (2048K), 2 survivors (2048K)
 Metaspace       used 130176K, committed 132544K, reserved 1179648K
  class space    used 16862K, committed 18048K, reserved 1048576K
}
Event: 946.933 GC heap before
{Heap before GC invocations=54 (full 0):
 garbage-first heap   total 266240K, used 249460K [0x0000000080000000, 0x0000000100000000)
  region size 1024K, 87 young (89088K), 2 survivors (2048K)
 Metaspace       used 130576K, committed 132992K, reserved 1179648K
  class space    used 16869K, committed 18112K, reserved 1048576K
}
Event: 947.029 GC heap after
{Heap after GC invocations=55 (full 0):
 garbage-first heap   total 266240K, used 169098K [0x0000000080000000, 0x0000000100000000)
  region size 1024K, 8 young (8192K), 8 survivors (8192K)
 Metaspace       used 130576K, committed 132992K, reserved 1179648K
  class space    used 16869K, committed 18112K, reserved 1048576K
}
Event: 984.954 GC heap before
{Heap before GC invocations=56 (full 0):
 garbage-first heap   total 283648K, used 241802K [0x0000000080000000, 0x0000000100000000)
  region size 1024K, 79 young (80896K), 8 survivors (8192K)
 Metaspace       used 130890K, committed 133312K, reserved 1179648K
  class space    used 16883K, committed 18112K, reserved 1048576K
}
Event: 985.074 GC heap after
{Heap after GC invocations=57 (full 0):
 garbage-first heap   total 283648K, used 165791K [0x0000000080000000, 0x0000000100000000)
  region size 1024K, 3 young (3072K), 3 survivors (3072K)
 Metaspace       used 130890K, committed 133312K, reserved 1179648K
  class space    used 16883K, committed 18112K, reserved 1048576K
}
Event: 1383.471 GC heap before
{Heap before GC invocations=57 (full 0):
 garbage-first heap   total 283648K, used 263071K [0x0000000080000000, 0x0000000100000000)
  region size 1024K, 99 young (101376K), 3 survivors (3072K)
 Metaspace       used 131279K, committed 133696K, reserved 1179648K
  class space    used 16886K, committed 18112K, reserved 1048576K
}
Event: 1383.634 GC heap after
{Heap after GC invocations=58 (full 0):
 garbage-first heap   total 283648K, used 159351K [0x0000000080000000, 0x0000000100000000)
  region size 1024K, 2 young (2048K), 2 survivors (2048K)
 Metaspace       used 131279K, committed 133696K, reserved 1179648K
  class space    used 16886K, committed 18112K, reserved 1048576K
}

